Blue&White/app/build/intermediates/manifest_merge_blame_file/debug/manifest-merger-blame-debug-report.txt
1<?xml version="1.0" encoding="utf-8"?>
2<manifest xmlns:android="http://schemas.android.com/apk/res/android"
3    package="com.example.kamran.bluewhite"
4    android:versionCode="1"
5    android:versionName="1.0" >
6
7    <uses-sdk
8        android:minSdkVersion="15"
8-->src\main\AndroidManifest.xml
9        android:targetSdkVersion="29" />
9-->src\main\AndroidManifest.xml
10
11    <uses-permission android:name="android.permission.INTERNET" />
11-->src\main\AndroidManifest.xml:25:5-67
11-->src\main\AndroidManifest.xml:25:22-64
12
13    <application
13-->src\main\AndroidManifest.xml:5:5-23:19
14        android:name="com.example.kamran.bluewhite.Globals"
14-->src\main\AndroidManifest.xml:6:9-32
15        android:allowBackup="true"
15-->src\main\AndroidManifest.xml:7:9-35
16        android:appComponentFactory="android.support.v4.app.CoreComponentFactory"
16-->[com.android.support:support-compat:28.0.0] AndroidManifest.xml:22:18-91
17        android:debuggable="true"
18        android:icon="@mipmap/ic_launcher"
18-->src\main\AndroidManifest.xml:8:9-43
19        android:label="@string/app_name"
19-->src\main\AndroidManifest.xml:9:9-41
20        android:supportsRtl="true"
20-->src\main\AndroidManifest.xml:10:9-35
21        android:testOnly="true"
22        android:theme="@style/AppTheme" >
22-->src\main\AndroidManifest.xml:11:9-40
23        <activity android:name="com.example.kamran.bluewhite.Recommendation" />
23-->src\main\AndroidManifest.xml:12:9-61
23-->src\main\AndroidManifest.xml:12:19-49
24        <activity android:name="com.example.kamran.bluewhite.Profile" />
24-->src\main\AndroidManifest.xml:13:9-45
24-->src\main\AndroidManifest.xml:13:19-42
25        <activity android:name="com.example.kamran.bluewhite.main" >
25-->src\main\AndroidManifest.xml:14:9-20:20
25-->src\main\AndroidManifest.xml:14:19-39
26            <intent-filter>
26-->src\main\AndroidManifest.xml:15:13-19:29
27                <action android:name="android.intent.action.MAIN" />
27-->src\main\AndroidManifest.xml:16:17-69
27-->src\main\AndroidManifest.xml:16:25-66
28
29                <category android:name="android.intent.category.LAUNCHER" />
29-->src\main\AndroidManifest.xml:18:17-77
29-->src\main\AndroidManifest.xml:18:27-74
30            </intent-filter>
31        </activity>
32        <activity android:name="com.example.kamran.bluewhite.signin" />
32-->src\main\AndroidManifest.xml:21:9-44
32-->src\main\AndroidManifest.xml:21:19-41
33        <activity android:name="com.example.kamran.bluewhite.signup" />
33-->src\main\AndroidManifest.xml:22:9-44
33-->src\main\AndroidManifest.xml:22:19-41
34    </application>
35
36</manifest>